Arguments: 
  /usr/local/bin/node /Users/xujinting/.yarn/bin/yarn.js start

PATH: 
  /Users/xujinting/.yarn/bin:/Users/xujinting/.config/yarn/global/node_modules/.bin:/usr/local/bin:/usr/bin:/bin:/usr/sbin:/sbin

Yarn version: 
  1.22.15

Node version: 
  16.13.0

Platform: 
  darwin arm64

Trace: 
  SyntaxError: /Users/xujinting/Desktop/web_final_progect/package.json: Unexpected end of JSON input
      at JSON.parse (<anonymous>)
      at /Users/xujinting/.yarn/lib/cli.js:1625:59
      at Generator.next (<anonymous>)
      at step (/Users/xujinting/.yarn/lib/cli.js:310:30)
      at /Users/xujinting/.yarn/lib/cli.js:321:13

npm manifest: 
  {
    "name": "web_final_progect",
    "version": "1.0.0",
    "main": "index.js",
    "repository": "https://github.com/Oscar8050/web_final_progect.git",
    "license": "MIT",
    "scripts":{
    "start":"cd frontend & yarn start",
    "server":"cd backend & yarn server"
  }

yarn manifest: 
  No manifest

Lockfile: 
  No lockfile
